<?xml version="1.0" encoding="utf-8"?><testsuites name="pytest tests"><testsuite name="pytest" errors="1" failures="4" skipped="0" tests="6" time="2.346" timestamp="2025-12-29T18:41:53.269066+03:00" hostname="Ver0ni-krate"><testcase classname="test_api.TestCreateAd" name="test_create_ad_success" time="0.262"><failure message="AssertionError: Поле 'id' отсутствует в ответе&#10;assert 'id' in {'status': 'Сохранили объявление - 048f316b-9f5c-457d-af54-6bf9b7819f3e'}">self = &lt;test_api.TestCreateAd object at 0x000001F37662B450&gt;, unique_seller_id = 924677

&gt;   ???
E   AssertionError: Поле 'id' отсутствует в ответе
E   assert 'id' in {'status': 'Сохранили объявление - 048f316b-9f5c-457d-af54-6bf9b7819f3e'}

C:\Users\veran\OneDrive\Рабочий стол\авито\test_api.py:66: AssertionError</failure></testcase><testcase classname="test_api.TestCreateAd" name="test_create_ad_bad_request" time="0.276" /><testcase classname="test_api.TestGetAdById" name="test_get_ad_by_id_success" time="0.788"><failure message="KeyError: 'id'">self = &lt;test_api.TestGetAdById object at 0x000001F376D08890&gt;, created_ad_data = {'status': 'Сохранили объявление - 987e0e90-9253-45a8-b7a2-615bcf49e8e2'}

&gt;   ???
E   KeyError: 'id'

C:\Users\veran\OneDrive\Рабочий стол\авито\test_api.py:90: KeyError</failure></testcase><testcase classname="test_api.TestGetAdById" name="test_get_ad_by_id_not_found" time="0.287"><failure message="AssertionError: Ожидался код 404, получен 400&#10;assert 400 == 404&#10; +  where 400 = &lt;Response [400]&gt;.status_code">self = &lt;test_api.TestGetAdById object at 0x000001F376D08ED0&gt;

&gt;   ???
E   AssertionError: Ожидался код 404, получен 400
E   assert 400 == 404
E    +  where 400 = &lt;Response [400]&gt;.status_code

C:\Users\veran\OneDrive\Рабочий стол\авито\test_api.py:111: AssertionError</failure></testcase><testcase classname="test_api.TestGetStatistic" name="test_get_statistic_success" time="0.242"><error message="failed on setup with &quot;AssertionError: Не удалось создать объявление: 400&#10;assert 400 == 200&#10; +  where 400 = &lt;Response [400]&gt;.status_code&quot;">unique_seller_id = 362036

&gt;   ???
E   AssertionError: Не удалось создать объявление: 400
E   assert 400 == 200
E    +  where 400 = &lt;Response [400]&gt;.status_code

C:\Users\veran\OneDrive\Рабочий стол\авито\test_api.py:37: AssertionError</error></testcase><testcase classname="test_api.TestGetStatistic" name="test_get_statistic_not_found" time="0.251"><failure message="AssertionError: Ожидался код 404, получен 400&#10;assert 400 == 404&#10; +  where 400 = &lt;Response [400]&gt;.status_code">self = &lt;test_api.TestGetStatistic object at 0x000001F376D09D10&gt;

&gt;   ???
E   AssertionError: Ожидался код 404, получен 400
E   assert 400 == 404
E    +  where 400 = &lt;Response [400]&gt;.status_code

C:\Users\veran\OneDrive\Рабочий стол\авито\test_api.py:140: AssertionError</failure></testcase></testsuite></testsuites>